/Users/yuanshanhu/anaconda3/lib/python3.6/site-packages/sklearn/ensemble/weight_boosting.py:29: DeprecationWarning: numpy.core.umath_tests is an internal NumPy module and should not be imported. It will be removed in a future NumPy release.
  from numpy.core.umath_tests import inner1d
2019-03-23 22:18:54,405 - __main__ - INFO - Using seed 1877082988
2019-03-23 22:18:54,405 - __main__ - INFO - Loading data
2019-03-23 22:18:54,405 - __main__ - INFO - ----------
2019-03-23 22:18:56,738 - data.loader - INFO - Processing CreditDefaultData Path: data/default of credit card clients.xls, Dimensions: (29999, 23)
2019-03-23 22:18:56,772 - data.loader - INFO - Data Sample:
        2  2.1  1  24  2.2  2.3 ...   689.1    0.4   0.5    0.6   0.7  1.1
20000                           ...                                       
120000  2    2  2  26   -1    2 ...    1000   1000  1000      0  2000    1
90000   2    2  2  34    0    0 ...    1500   1000  1000   1000  5000    0
50000   2    2  1  37    0    0 ...    2019   1200  1100   1069  1000    0
50000   1    2  1  57   -1    0 ...   36681  10000  9000    689   679    0
50000   1    1  2  37    0    0 ...    1815    657  1000   1000   800    0
...    ..  ... ..  ..  ...  ... ...     ...    ...   ...    ...   ...  ...
220000  1    3  1  39    0    0 ...   20000   5003  3047   5000  1000    0
150000  1    3  2  43   -1   -1 ...    3526   8998   129      0     0    0
30000   1    2  2  37    4    3 ...       0  22000  4200   2000  3100    1
80000   1    3  1  41    1   -1 ...    3409   1178  1926  52964  1804    1
50000   1    2  1  46    0    0 ...    1800   1430  1000   1000  1000    1

[29999 rows x 23 columns]
2019-03-23 22:18:56,772 - data.loader - INFO - Will pre-process data
2019-03-23 22:18:56,772 - data.loader - INFO - Pulling features
2019-03-23 22:18:56,776 - data.loader - INFO - Pulling classes
2019-03-23 22:18:56,776 - data.loader - INFO - Feature dimensions: (29999, 22)
2019-03-23 22:18:56,776 - data.loader - INFO - Classes dimensions: (29999,)
2019-03-23 22:18:56,777 - data.loader - INFO - Class values: [0 1]
2019-03-23 22:18:56,778 - data.loader - INFO - Class distribution: [23364  6635]
2019-03-23 22:18:56,778 - data.loader - INFO - Class distribution (%): [77.88259609 22.11740391]
2019-03-23 22:18:56,778 - data.loader - INFO - Sparse? False
2019-03-23 22:18:56,783 - data.loader - INFO - Binary? True
2019-03-23 22:18:56,783 - data.loader - INFO - Balanced? True
2019-03-23 22:18:56,820 - __main__ - INFO - ----------
2019-03-23 22:18:56,820 - __main__ - INFO - Running experiments
2019-03-23 22:18:56,820 - __main__ - INFO - Running ICA experiment: Credit Default (5)
2019-03-23 22:18:56,820 - __main__ - INFO -  Details: ExperimentDetails(ds=<data.loader.CreditDefaultData object at 0x119261518>, ds_name=credit_default, ds_readable_name=Credit Default, best_nn_params={'NN__activation': ['relu'], 'NN__alpha': [0.01], 'NN__hidden_layer_sizes': [(23, 23)], 'NN__learning_rate_init': [0.016]}, threads=-1, seed=1877082988)
2019-03-23 22:18:56,820 - experiments.base - INFO - Performing ICA
Fitting 5 folds for each of 380 candidates, totalling 1900 fits
/Users/yuanshanhu/anaconda3/lib/python3.6/site-packages/scipy/linalg/basic.py:1321: RuntimeWarning: internal gelsd driver lwork query error, required iwork dimension not returned. This is likely the result of LAPACK bug 0038, fixed in LAPACK 3.2.2 (released July 21, 2010). Falling back to 'gelss' driver.
  x, resids, rank, s = lstsq(a, b, cond=cond, check_finite=False)
