/Users/yuanshanhu/anaconda3/lib/python3.6/site-packages/sklearn/ensemble/weight_boosting.py:29: DeprecationWarning: numpy.core.umath_tests is an internal NumPy module and should not be imported. It will be removed in a future NumPy release.
  from numpy.core.umath_tests import inner1d
2019-03-23 22:24:01,045 - __main__ - INFO - Using seed 1354943808
2019-03-23 22:24:01,046 - __main__ - INFO - Loading data
2019-03-23 22:24:01,046 - __main__ - INFO - ----------
2019-03-23 22:24:03,368 - data.loader - INFO - Processing CreditDefaultData Path: data/default of credit card clients.xls, Dimensions: (29999, 23)
2019-03-23 22:24:03,401 - data.loader - INFO - Data Sample:
        2  2.1  1  24  2.2  2.3 ...   689.1    0.4   0.5    0.6   0.7  1.1
20000                           ...                                       
120000  2    2  2  26   -1    2 ...    1000   1000  1000      0  2000    1
90000   2    2  2  34    0    0 ...    1500   1000  1000   1000  5000    0
50000   2    2  1  37    0    0 ...    2019   1200  1100   1069  1000    0
50000   1    2  1  57   -1    0 ...   36681  10000  9000    689   679    0
50000   1    1  2  37    0    0 ...    1815    657  1000   1000   800    0
...    ..  ... ..  ..  ...  ... ...     ...    ...   ...    ...   ...  ...
220000  1    3  1  39    0    0 ...   20000   5003  3047   5000  1000    0
150000  1    3  2  43   -1   -1 ...    3526   8998   129      0     0    0
30000   1    2  2  37    4    3 ...       0  22000  4200   2000  3100    1
80000   1    3  1  41    1   -1 ...    3409   1178  1926  52964  1804    1
50000   1    2  1  46    0    0 ...    1800   1430  1000   1000  1000    1

[29999 rows x 23 columns]
2019-03-23 22:24:03,401 - data.loader - INFO - Will pre-process data
2019-03-23 22:24:03,401 - data.loader - INFO - Pulling features
2019-03-23 22:24:03,405 - data.loader - INFO - Pulling classes
2019-03-23 22:24:03,406 - data.loader - INFO - Feature dimensions: (29999, 22)
2019-03-23 22:24:03,406 - data.loader - INFO - Classes dimensions: (29999,)
2019-03-23 22:24:03,406 - data.loader - INFO - Class values: [0 1]
2019-03-23 22:24:03,407 - data.loader - INFO - Class distribution: [23364  6635]
2019-03-23 22:24:03,408 - data.loader - INFO - Class distribution (%): [77.88259609 22.11740391]
2019-03-23 22:24:03,408 - data.loader - INFO - Sparse? False
2019-03-23 22:24:03,413 - data.loader - INFO - Binary? True
2019-03-23 22:24:03,413 - data.loader - INFO - Balanced? True
2019-03-23 22:24:03,449 - __main__ - INFO - ----------
2019-03-23 22:24:03,449 - __main__ - INFO - Running experiments
2019-03-23 22:24:03,449 - __main__ - INFO - Running PCA experiment: Credit Default (2)
2019-03-23 22:24:03,450 - __main__ - INFO -  Details: ExperimentDetails(ds=<data.loader.CreditDefaultData object at 0x126964438>, ds_name=credit_default, ds_readable_name=Credit Default, best_nn_params={'NN__activation': ['relu'], 'NN__alpha': [0.01], 'NN__hidden_layer_sizes': [(23, 23)], 'NN__learning_rate_init': [0.016]}, threads=-1, seed=1354943808)
2019-03-23 22:24:03,450 - experiments.base - INFO - Performing PCA
2019-03-23 22:24:03,471 - experiments.base - INFO - Must use full solver, new dims are [2, 3, 4, 5, 6, 7, 8, 9, 10, 12, 13, 14, 15, 16, 17, 18, 19, 20, 22]
Fitting 5 folds for each of 380 candidates, totalling 1900 fits
